<?xml version="1.0" encoding="UTF-8"?>
<!-- Generated by org.testng.reporters.JUnitXMLReporter -->
<testsuite hostname="Lenin-PC" name="Regression Test" tests="2" failures="1" timestamp="25 Aug 2018 17:32:57 GMT" time="183.445" errors="0">
  <testcase name="feature" time="119.856" classname="com.cucumberFramework.testRunner.TestRunner">
    <failure type="cucumber.runtime.CucumberException" message="java.lang.AssertionError: expected [auto_lastName] but found [  auto_lastName]">
      <![CDATA[cucumber.runtime.CucumberException: java.lang.AssertionError: expected [auto_lastName] but found [  auto_lastName]
	at cucumber.api.testng.TestNGCucumberRunner.runCucumber(TestNGCucumberRunner.java:69)
	at com.cucumberFramework.testRunner.TestRunner.feature(TestRunner.java:33)
Caused by: java.lang.AssertionError: expected [auto_lastName] but found [  auto_lastName]
	at com.cucumberFramework.stepdefinitions.LeadsPageStepDefinitions.i_should_verify_leads_information(LeadsPageStepDefinitions.java:166)
	at âœ½.And I should verify leads information(leads/leads.feature:39)
... Removed 33 stack frames]]>
    </failure>
  </testcase> <!-- feature -->
  <testcase name="feature" time="61.523" classname="com.cucumberFramework.testRunner.TestRunner"/>
</testsuite> <!-- Regression Test -->
